E:\gv\zero\Release\cl.command.1.tlog
E:\gv\zero\Release\CL.read.1.tlog
E:\gv\zero\Release\CL.write.1.tlog
E:\gv\zero\Release\link.command.1.tlog
E:\gv\zero\Release\link.read.1.tlog
E:\gv\zero\Release\link.write.1.tlog
E:\gv\zero\Release\link-cvtres.read.1.tlog
E:\gv\zero\Release\link-cvtres.write.1.tlog
E:\GV\ZERO\RELEASE\MAIN.OBJ
E:\GV\ZERO\RELEASE\MATRIX2F.OBJ
E:\GV\ZERO\RELEASE\MATRIX3F.OBJ
E:\GV\ZERO\RELEASE\MATRIX4F.OBJ
E:\gv\zero\Release\mt.command.1.tlog
E:\gv\zero\Release\mt.read.1.tlog
E:\gv\zero\Release\mt.write.1.tlog
E:\GV\ZERO\RELEASE\QUAT4F.OBJ
E:\gv\zero\Release\rc.command.1.tlog
E:\gv\zero\Release\rc.read.1.tlog
E:\gv\zero\Release\rc.write.1.tlog
E:\GV\ZERO\RELEASE\VC100.PDB
E:\GV\ZERO\RELEASE\VECTOR2F.OBJ
E:\GV\ZERO\RELEASE\VECTOR3F.OBJ
E:\GV\ZERO\RELEASE\VECTOR4F.OBJ
E:\GV\ZERO\RELEASE\ZERO.EXE
E:\GV\ZERO\RELEASE\ZERO.EXE.EMBED.MANIFEST
E:\GV\ZERO\RELEASE\ZERO.EXE.EMBED.MANIFEST.RES
E:\GV\ZERO\RELEASE\ZERO.EXE.INTERMEDIATE.MANIFEST
E:\GV\ZERO\RELEASE\ZERO.PDB
E:\gv\zero\Release\zero.write.1.tlog
E:\gv\zero\Release\zero_manifest.rc
