生成启动时间为 29/1/2018 5:54:57 PM。
     1>项目“E:\gv\zero\zero.vcxproj”在节点 2 上(ClCompile 个目标)。
     1>ClCompile:
         C:\Program Files (x86)\Microsoft Visual Studio 10.0\VC\bin\CL.exe /c /Zi /nologo /W3 /WX- /O2 /Oy- /D WIN32 /D NDEBUG /D _WINDOWS /Gm- /EHsc /MD /GS /fp:precise /Zc:wchar_t /Zc:forScope /Fo"Release\\" /Fd"Release\vc100.pdb" /Gd /TP /analyze- /errorReport:prompt main.cpp
         main.cpp
     1>main.cpp(32): warning C4305: “初始化”: 从“double”到“const GLfloat”截断
     1>main.cpp(80): warning C4305: “初始化”: 从“double”到“GLfloat”截断
     1>main.cpp(81): warning C4305: “初始化”: 从“double”到“GLfloat”截断
     1>main.cpp(82): warning C4305: “初始化”: 从“double”到“GLfloat”截断
     1>main.cpp(82): warning C4305: “初始化”: 从“double”到“GLfloat”截断
     1>main.cpp(83): warning C4305: “初始化”: 从“double”到“GLfloat”截断
     1>main.cpp(83): warning C4305: “初始化”: 从“double”到“GLfloat”截断
     1>main.cpp(83): warning C4305: “初始化”: 从“double”到“GLfloat”截断
     1>main.cpp(99): warning C4244: “=”: 从“double”转换到“GLfloat”，可能丢失数据
     1>main.cpp(100): warning C4305: “=”: 从“double”到“GLfloat”截断
     1>main.cpp(101): warning C4305: “=”: 从“double”到“GLfloat”截断
     1>main.cpp(234): warning C4018: “<”: 有符号/无符号不匹配
     1>main.cpp(261): warning C4244: “=”: 从“double”转换到“float”，可能丢失数据
     1>main.cpp(301): warning C4305: “初始化”: 从“double”到“GLfloat”截断
     1>main.cpp(302): warning C4305: “初始化”: 从“double”到“GLfloat”截断
     1>main.cpp(303): warning C4305: “初始化”: 从“double”到“GLfloat”截断
     1>main.cpp(303): warning C4305: “初始化”: 从“double”到“GLfloat”截断
     1>main.cpp(304): warning C4305: “初始化”: 从“double”到“GLfloat”截断
     1>main.cpp(304): warning C4305: “初始化”: 从“double”到“GLfloat”截断
     1>main.cpp(304): warning C4305: “初始化”: 从“double”到“GLfloat”截断
     1>main.cpp(285): warning C4101: “i”: 未引用的局部变量
     1>已完成生成项目“E:\gv\zero\zero.vcxproj”(ClCompile 个目标)的操作。

生成成功。

已用时间 00:00:00.66
